# JRE version: OpenJDK Runtime Environment (11.0.13) (build 11.0.13+0-b1751.21-8125866)
# Java VM: OpenJDK 64-Bit Server VM (11.0.13+0-b1751.21-8125866, mixed mode, tiered, compressed oops, g1 gc, windows-amd64)
Heap:
 garbage-first heap   total 131072K, used 58082K [0x0000000080000000, 0x0000000100000000)
  region size 1024K, 22 young (22528K), 7 survivors (7168K)
 Metaspace       used 33358K, capacity 34366K, committed 34684K, reserved 1079296K
  class space    used 4359K, capacity 4698K, committed 4812K, reserved 1048576K
GC Heap History (12 events):
Event: 0.898 GC heap before
{Heap before GC invocations=0 (full 0):
 garbage-first heap   total 131072K, used 29696K [0x0000000080000000, 0x0000000100000000)
  region size 1024K, 24 young (24576K), 0 survivors (0K)
 Metaspace       used 9788K, capacity 9958K, committed 10112K, reserved 1058816K
  class space    used 1002K, capacity 1070K, committed 1152K, reserved 1048576K
}
Event: 0.905 GC heap after
{Heap after GC invocations=1 (full 0):
 garbage-first heap   total 131072K, used 8895K [0x0000000080000000, 0x0000000100000000)
  region size 1024K, 3 young (3072K), 3 survivors (3072K)
 Metaspace       used 9788K, capacity 9958K, committed 10112K, reserved 1058816K
  class space    used 1002K, capacity 1070K, committed 1152K, reserved 1048576K
}
Event: 1.342 GC heap before
{Heap before GC invocations=1 (full 0):
 garbage-first heap   total 131072K, used 38591K [0x0000000080000000, 0x0000000100000000)
  region size 1024K, 32 young (32768K), 3 survivors (3072K)
 Metaspace       used 10739K, capacity 11007K, committed 11264K, reserved 1058816K
  class space    used 1102K, capacity 1206K, committed 1280K, reserved 1048576K
}
Event: 1.346 GC heap after
{Heap after GC invocations=2 (full 0):
 garbage-first heap   total 131072K, used 10411K [0x0000000080000000, 0x0000000100000000)
  region size 1024K, 2 young (2048K), 2 survivors (2048K)
 Metaspace       used 10739K, capacity 11007K, committed 11264K, reserved 1058816K
  class space    used 1102K, capacity 1206K, committed 1280K, reserved 1048576K
}
Event: 2.922 GC heap before
{Heap before GC invocations=2 (full 0):
 garbage-first heap   total 131072K, used 54443K [0x0000000080000000, 0x0000000100000000)
  region size 1024K, 45 young (46080K), 2 survivors (2048K)
 Metaspace       used 17799K, capacity 18254K, committed 18432K, reserved 1064960K
  class space    used 2077K, capacity 2217K, committed 2304K, reserved 1048576K
}
Event: 2.927 GC heap after
{Heap after GC invocations=3 (full 0):
 garbage-first heap   total 131072K, used 16181K [0x0000000080000000, 0x0000000100000000)
  region size 1024K, 6 young (6144K), 6 survivors (6144K)
 Metaspace       used 17799K, capacity 18254K, committed 18432K, reserved 1064960K
  class space    used 2077K, capacity 2217K, committed 2304K, reserved 1048576K
}
Event: 3.202 GC heap before
{Heap before GC invocations=3 (full 0):
 garbage-first heap   total 131072K, used 37685K [0x0000000080000000, 0x0000000100000000)
  region size 1024K, 28 young (28672K), 6 survivors (6144K)
 Metaspace       used 20652K, capacity 21193K, committed 21296K, reserved 1069056K
  class space    used 2489K, capacity 2670K, committed 2688K, reserved 1048576K
}
Event: 3.211 GC heap after
{Heap after GC invocations=4 (full 0):
 garbage-first heap   total 131072K, used 17072K [0x0000000080000000, 0x0000000100000000)
  region size 1024K, 1 young (1024K), 1 survivors (1024K)
 Metaspace       used 20652K, capacity 21193K, committed 21296K, reserved 1069056K
  class space    used 2489K, capacity 2670K, committed 2688K, reserved 1048576K
}
Event: 3.874 GC heap before
{Heap before GC invocations=5 (full 0):
 garbage-first heap   total 131072K, used 67248K [0x0000000080000000, 0x0000000100000000)
  region size 1024K, 50 young (51200K), 1 survivors (1024K)
 Metaspace       used 25856K, capacity 26495K, committed 26620K, reserved 1073152K
  class space    used 3340K, capacity 3570K, committed 3660K, reserved 1048576K
}
Event: 3.880 GC heap after
{Heap after GC invocations=6 (full 0):
 garbage-first heap   total 131072K, used 18942K [0x0000000080000000, 0x0000000100000000)
  region size 1024K, 3 young (3072K), 3 survivors (3072K)
 Metaspace       used 25856K, capacity 26495K, committed 26620K, reserved 1073152K
  class space    used 3340K, capacity 3570K, committed 3660K, reserved 1048576K
}
Event: 4.686 GC heap before
{Heap before GC invocations=6 (full 0):
 garbage-first heap   total 131072K, used 90622K [0x0000000080000000, 0x0000000100000000)
  region size 1024K, 56 young (57344K), 3 survivors (3072K)
 Metaspace       used 29987K, capacity 30850K, committed 30972K, reserved 1075200K
  class space    used 3998K, capacity 4315K, committed 4428K, reserved 1048576K
}
Event: 4.691 GC heap after
{Heap after GC invocations=7 (full 0):
 garbage-first heap   total 131072K, used 43746K [0x0000000080000000, 0x0000000100000000)
  region size 1024K, 7 young (7168K), 7 survivors (7168K)
 Metaspace       used 29987K, capacity 30850K, committed 30972K, reserved 1075200K
  class space    used 3998K, capacity 4315K, committed 4428K, reserved 1048576K
}

