# JRE version: OpenJDK Runtime Environment (11.0.13) (build 11.0.13+0-b1751.21-8125866)
# Java VM: OpenJDK 64-Bit Server VM (11.0.13+0-b1751.21-8125866, mixed mode, tiered, compressed oops, g1 gc, windows-amd64)
Heap:
 garbage-first heap   total 157696K, used 67363K [0x0000000080000000, 0x0000000100000000)
  region size 1024K, 6 young (6144K), 6 survivors (6144K)
 Metaspace       used 43457K, capacity 44682K, committed 44752K, reserved 1087488K
  class space    used 5490K, capacity 5931K, committed 5964K, reserved 1048576K
GC Heap History (17 events):
Event: 0.877 GC heap before
{Heap before GC invocations=0 (full 0):
 garbage-first heap   total 131072K, used 29696K [0x0000000080000000, 0x0000000100000000)
  region size 1024K, 24 young (24576K), 0 survivors (0K)
 Metaspace       used 9818K, capacity 10022K, committed 10112K, reserved 1058816K
  class space    used 1002K, capacity 1070K, committed 1152K, reserved 1048576K
}
Event: 0.882 GC heap after
{Heap after GC invocations=1 (full 0):
 garbage-first heap   total 131072K, used 8920K [0x0000000080000000, 0x0000000100000000)
  region size 1024K, 3 young (3072K), 3 survivors (3072K)
 Metaspace       used 9818K, capacity 10022K, committed 10112K, reserved 1058816K
  class space    used 1002K, capacity 1070K, committed 1152K, reserved 1048576K
}
Event: 3.047 GC heap before
{Heap before GC invocations=1 (full 0):
 garbage-first heap   total 131072K, used 83672K [0x0000000080000000, 0x0000000100000000)
  region size 1024K, 76 young (77824K), 3 survivors (3072K)
 Metaspace       used 17932K, capacity 18414K, committed 18688K, reserved 1064960K
  class space    used 2104K, capacity 2249K, committed 2304K, reserved 1048576K
}
Event: 3.055 GC heap after
{Heap after GC invocations=2 (full 0):
 garbage-first heap   total 131072K, used 16088K [0x0000000080000000, 0x0000000100000000)
  region size 1024K, 10 young (10240K), 10 survivors (10240K)
 Metaspace       used 17932K, capacity 18414K, committed 18688K, reserved 1064960K
  class space    used 2104K, capacity 2249K, committed 2304K, reserved 1048576K
}
Event: 3.350 GC heap before
{Heap before GC invocations=2 (full 0):
 garbage-first heap   total 131072K, used 35544K [0x0000000080000000, 0x0000000100000000)
  region size 1024K, 31 young (31744K), 10 survivors (10240K)
 Metaspace       used 20658K, capacity 21207K, committed 21296K, reserved 1069056K
  class space    used 2491K, capacity 2675K, committed 2688K, reserved 1048576K
}
Event: 3.359 GC heap after
{Heap after GC invocations=3 (full 0):
 garbage-first heap   total 131072K, used 16658K [0x0000000080000000, 0x0000000100000000)
  region size 1024K, 1 young (1024K), 1 survivors (1024K)
 Metaspace       used 20658K, capacity 21207K, committed 21296K, reserved 1069056K
  class space    used 2491K, capacity 2675K, committed 2688K, reserved 1048576K
}
Event: 4.028 GC heap before
{Heap before GC invocations=4 (full 0):
 garbage-first heap   total 131072K, used 66834K [0x0000000080000000, 0x0000000100000000)
  region size 1024K, 51 young (52224K), 1 survivors (1024K)
 Metaspace       used 25861K, capacity 26507K, committed 26620K, reserved 1073152K
  class space    used 3341K, capacity 3574K, committed 3660K, reserved 1048576K
}
Event: 4.033 GC heap after
{Heap after GC invocations=5 (full 0):
 garbage-first heap   total 131072K, used 18357K [0x0000000080000000, 0x0000000100000000)
  region size 1024K, 3 young (3072K), 3 survivors (3072K)
 Metaspace       used 25861K, capacity 26507K, committed 26620K, reserved 1073152K
  class space    used 3341K, capacity 3574K, committed 3660K, reserved 1048576K
}
Event: 4.946 GC heap before
{Heap before GC invocations=5 (full 0):
 garbage-first heap   total 131072K, used 92085K [0x0000000080000000, 0x0000000100000000)
  region size 1024K, 58 young (59392K), 3 survivors (3072K)
 Metaspace       used 30421K, capacity 31292K, committed 31484K, reserved 1077248K
  class space    used 4067K, capacity 4356K, committed 4428K, reserved 1048576K
}
Event: 4.950 GC heap after
{Heap after GC invocations=6 (full 0):
 garbage-first heap   total 131072K, used 42454K [0x0000000080000000, 0x0000000100000000)
  region size 1024K, 8 young (8192K), 8 survivors (8192K)
 Metaspace       used 30421K, capacity 31292K, committed 31484K, reserved 1077248K
  class space    used 4067K, capacity 4356K, committed 4428K, reserved 1048576K
}
Event: 5.361 GC heap before
{Heap before GC invocations=6 (full 0):
 garbage-first heap   total 131072K, used 55766K [0x0000000080000000, 0x0000000100000000)
  region size 1024K, 22 young (22528K), 8 survivors (8192K)
 Metaspace       used 34958K, capacity 35984K, committed 36048K, reserved 1081344K
  class space    used 4522K, capacity 4897K, committed 4940K, reserved 1048576K
}
Event: 5.376 GC heap after
{Heap after GC invocations=7 (full 0):
 garbage-first heap   total 131072K, used 45220K [0x0000000080000000, 0x0000000100000000)
  region size 1024K, 3 young (3072K), 3 survivors (3072K)
 Metaspace       used 34958K, capacity 35984K, committed 36048K, reserved 1081344K
  class space    used 4522K, capacity 4897K, committed 4940K, reserved 1048576K
}
Event: 5.977 GC heap before
{Heap before GC invocations=8 (full 0):
 garbage-first heap   total 131072K, used 81060K [0x0000000080000000, 0x0000000100000000)
  region size 1024K, 39 young (39936K), 3 survivors (3072K)
 Metaspace       used 37583K, capacity 38694K, committed 38864K, reserved 1083392K
  class space    used 4808K, capacity 5178K, committed 5196K, reserved 1048576K
}
Event: 5.984 GC heap after
{Heap after GC invocations=9 (full 0):
 garbage-first heap   total 131072K, used 48595K [0x0000000080000000, 0x0000000100000000)
  region size 1024K, 5 young (5120K), 5 survivors (5120K)
 Metaspace       used 37583K, capacity 38694K, committed 38864K, reserved 1083392K
  class space    used 4808K, capacity 5178K, committed 5196K, reserved 1048576K
}
Event: 6.614 GC heap before
{Heap before GC invocations=9 (full 0):
 garbage-first heap   total 131072K, used 89555K [0x0000000080000000, 0x0000000100000000)
  region size 1024K, 42 young (43008K), 5 survivors (5120K)
 Metaspace       used 41662K, capacity 42707K, committed 42960K, reserved 1087488K
  class space    used 5266K, capacity 5645K, committed 5708K, reserved 1048576K
}
Event: 6.622 GC heap after
{Heap after GC invocations=10 (full 0):
 garbage-first heap   total 131072K, used 49977K [0x0000000080000000, 0x0000000100000000)
  region size 1024K, 5 young (5120K), 5 survivors (5120K)
 Metaspace       used 41662K, capacity 42707K, committed 42960K, reserved 1087488K
  class space    used 5266K, capacity 5645K, committed 5708K, reserved 1048576K
}
Event: 7.173 GC heap before
{Heap before GC invocations=10 (full 0):
 garbage-first heap   total 131072K, used 95033K [0x0000000080000000, 0x0000000100000000)
  region size 1024K, 39 young (39936K), 5 survivors (5120K)
 Metaspace       used 43457K, capacity 44682K, committed 44752K, reserved 1087488K
  class space    used 5490K, capacity 5931K, committed 5964K, reserved 1048576K
}

