# JRE version: OpenJDK Runtime Environment (11.0.13) (build 11.0.13+0-b1751.21-8125866)
# Java VM: OpenJDK 64-Bit Server VM (11.0.13+0-b1751.21-8125866, mixed mode, tiered, compressed oops, g1 gc, windows-amd64)
Heap:
 garbage-first heap   total 131072K, used 62848K [0x0000000080000000, 0x0000000100000000)
  region size 1024K, 47 young (48128K), 1 survivors (1024K)
 Metaspace       used 25266K, capacity 25870K, committed 25980K, reserved 1071104K
  class space    used 3236K, capacity 3467K, committed 3532K, reserved 1048576K
GC Heap History (8 events):
Event: 1.158 GC heap before
{Heap before GC invocations=0 (full 0):
 garbage-first heap   total 131072K, used 29696K [0x0000000080000000, 0x0000000100000000)
  region size 1024K, 24 young (24576K), 0 survivors (0K)
 Metaspace       used 9810K, capacity 9958K, committed 10112K, reserved 1058816K
  class space    used 1002K, capacity 1070K, committed 1152K, reserved 1048576K
}
Event: 1.165 GC heap after
{Heap after GC invocations=1 (full 0):
 garbage-first heap   total 131072K, used 9097K [0x0000000080000000, 0x0000000100000000)
  region size 1024K, 3 young (3072K), 3 survivors (3072K)
 Metaspace       used 9810K, capacity 9958K, committed 10112K, reserved 1058816K
  class space    used 1002K, capacity 1070K, committed 1152K, reserved 1048576K
}
Event: 1.543 GC heap before
{Heap before GC invocations=1 (full 0):
 garbage-first heap   total 131072K, used 31625K [0x0000000080000000, 0x0000000100000000)
  region size 1024K, 25 young (25600K), 3 survivors (3072K)
 Metaspace       used 10724K, capacity 11007K, committed 11264K, reserved 1058816K
  class space    used 1100K, capacity 1206K, committed 1280K, reserved 1048576K
}
Event: 1.547 GC heap after
{Heap after GC invocations=2 (full 0):
 garbage-first heap   total 131072K, used 9596K [0x0000000080000000, 0x0000000100000000)
  region size 1024K, 1 young (1024K), 1 survivors (1024K)
 Metaspace       used 10724K, capacity 11007K, committed 11264K, reserved 1058816K
  class space    used 1100K, capacity 1206K, committed 1280K, reserved 1048576K
}
Event: 3.189 GC heap before
{Heap before GC invocations=2 (full 0):
 garbage-first heap   total 131072K, used 63868K [0x0000000080000000, 0x0000000100000000)
  region size 1024K, 54 young (55296K), 1 survivors (1024K)
 Metaspace       used 18161K, capacity 18574K, committed 18688K, reserved 1064960K
  class space    used 2137K, capacity 2281K, committed 2304K, reserved 1048576K
}
Event: 3.195 GC heap after
{Heap after GC invocations=3 (full 0):
 garbage-first heap   total 131072K, used 16068K [0x0000000080000000, 0x0000000100000000)
  region size 1024K, 7 young (7168K), 7 survivors (7168K)
 Metaspace       used 18161K, capacity 18574K, committed 18688K, reserved 1064960K
  class space    used 2137K, capacity 2281K, committed 2304K, reserved 1048576K
}
Event: 3.430 GC heap before
{Heap before GC invocations=3 (full 0):
 garbage-first heap   total 131072K, used 35524K [0x0000000080000000, 0x0000000100000000)
  region size 1024K, 27 young (27648K), 7 survivors (7168K)
 Metaspace       used 20657K, capacity 21204K, committed 21296K, reserved 1069056K
  class space    used 2490K, capacity 2674K, committed 2688K, reserved 1048576K
}
Event: 3.437 GC heap after
{Heap after GC invocations=4 (full 0):
 garbage-first heap   total 131072K, used 16768K [0x0000000080000000, 0x0000000100000000)
  region size 1024K, 1 young (1024K), 1 survivors (1024K)
 Metaspace       used 20657K, capacity 21204K, committed 21296K, reserved 1069056K
  class space    used 2490K, capacity 2674K, committed 2688K, reserved 1048576K
}

