# JRE version: OpenJDK Runtime Environment (11.0.13) (build 11.0.13+0-b1751.21-8125866)
# Java VM: OpenJDK 64-Bit Server VM (11.0.13+0-b1751.21-8125866, mixed mode, tiered, compressed oops, g1 gc, windows-amd64)
Heap:
 garbage-first heap   total 131072K, used 18404K [0x0000000080000000, 0x0000000100000000)
  region size 1024K, 4 young (4096K), 2 survivors (2048K)
 Metaspace       used 22718K, capacity 23334K, committed 23548K, reserved 1075200K
  class space    used 2858K, capacity 3087K, committed 3148K, reserved 1048576K
GC Heap History (10 events):
Event: 0.850 GC heap before
{Heap before GC invocations=0 (full 0):
 garbage-first heap   total 131072K, used 29696K [0x0000000080000000, 0x0000000100000000)
  region size 1024K, 24 young (24576K), 0 survivors (0K)
 Metaspace       used 9812K, capacity 9962K, committed 10112K, reserved 1058816K
  class space    used 1002K, capacity 1070K, committed 1152K, reserved 1048576K
}
Event: 0.857 GC heap after
{Heap after GC invocations=1 (full 0):
 garbage-first heap   total 131072K, used 9030K [0x0000000080000000, 0x0000000100000000)
  region size 1024K, 3 young (3072K), 3 survivors (3072K)
 Metaspace       used 9812K, capacity 9962K, committed 10112K, reserved 1058816K
  class space    used 1002K, capacity 1070K, committed 1152K, reserved 1048576K
}
Event: 1.253 GC heap before
{Heap before GC invocations=1 (full 0):
 garbage-first heap   total 131072K, used 30534K [0x0000000080000000, 0x0000000100000000)
  region size 1024K, 24 young (24576K), 3 survivors (3072K)
 Metaspace       used 10714K, capacity 10947K, committed 11264K, reserved 1058816K
  class space    used 1100K, capacity 1206K, committed 1280K, reserved 1048576K
}
Event: 1.256 GC heap after
{Heap after GC invocations=2 (full 0):
 garbage-first heap   total 131072K, used 9617K [0x0000000080000000, 0x0000000100000000)
  region size 1024K, 1 young (1024K), 1 survivors (1024K)
 Metaspace       used 10714K, capacity 10947K, committed 11264K, reserved 1058816K
  class space    used 1100K, capacity 1206K, committed 1280K, reserved 1048576K
}
Event: 2.990 GC heap before
{Heap before GC invocations=2 (full 0):
 garbage-first heap   total 131072K, used 62865K [0x0000000080000000, 0x0000000100000000)
  region size 1024K, 53 young (54272K), 1 survivors (1024K)
 Metaspace       used 17796K, capacity 18258K, committed 18432K, reserved 1064960K
  class space    used 2078K, capacity 2217K, committed 2304K, reserved 1048576K
}
Event: 2.995 GC heap after
{Heap after GC invocations=3 (full 0):
 garbage-first heap   total 131072K, used 16097K [0x0000000080000000, 0x0000000100000000)
  region size 1024K, 7 young (7168K), 7 survivors (7168K)
 Metaspace       used 17796K, capacity 18258K, committed 18432K, reserved 1064960K
  class space    used 2078K, capacity 2217K, committed 2304K, reserved 1048576K
}
Event: 3.291 GC heap before
{Heap before GC invocations=3 (full 0):
 garbage-first heap   total 131072K, used 37601K [0x0000000080000000, 0x0000000100000000)
  region size 1024K, 29 young (29696K), 7 survivors (7168K)
 Metaspace       used 20674K, capacity 21211K, committed 21296K, reserved 1069056K
  class space    used 2496K, capacity 2675K, committed 2688K, reserved 1048576K
}
Event: 3.299 GC heap after
{Heap after GC invocations=4 (full 0):
 garbage-first heap   total 131072K, used 17012K [0x0000000080000000, 0x0000000100000000)
  region size 1024K, 1 young (1024K), 1 survivors (1024K)
 Metaspace       used 20674K, capacity 21211K, committed 21296K, reserved 1069056K
  class space    used 2496K, capacity 2675K, committed 2688K, reserved 1048576K
}
Event: 3.511 GC heap before
{Heap before GC invocations=5 (full 0):
 garbage-first heap   total 131072K, used 39540K [0x0000000080000000, 0x0000000100000000)
  region size 1024K, 24 young (24576K), 1 survivors (1024K)
 Metaspace       used 22545K, capacity 23095K, committed 23292K, reserved 1075200K
  class space    used 2836K, capacity 3051K, committed 3148K, reserved 1048576K
}
Event: 3.515 GC heap after
{Heap after GC invocations=6 (full 0):
 garbage-first heap   total 131072K, used 17380K [0x0000000080000000, 0x0000000100000000)
  region size 1024K, 2 young (2048K), 2 survivors (2048K)
 Metaspace       used 22545K, capacity 23095K, committed 23292K, reserved 1075200K
  class space    used 2836K, capacity 3051K, committed 3148K, reserved 1048576K
}

