# JRE version: OpenJDK Runtime Environment (11.0.13) (build 11.0.13+0-b1751.21-8125866)
# Java VM: OpenJDK 64-Bit Server VM (11.0.13+0-b1751.21-8125866, mixed mode, tiered, compressed oops, g1 gc, windows-amd64)
Heap:
 garbage-first heap   total 157696K, used 50627K [0x0000000080000000, 0x0000000100000000)
  region size 1024K, 5 young (5120K), 5 survivors (5120K)
 Metaspace       used 41646K, capacity 42739K, committed 42960K, reserved 1087488K
  class space    used 5276K, capacity 5677K, committed 5708K, reserved 1048576K
GC Heap History (17 events):
Event: 0.880 GC heap before
{Heap before GC invocations=0 (full 0):
 garbage-first heap   total 131072K, used 29696K [0x0000000080000000, 0x0000000100000000)
  region size 1024K, 24 young (24576K), 0 survivors (0K)
 Metaspace       used 9801K, capacity 9958K, committed 10112K, reserved 1058816K
  class space    used 1002K, capacity 1070K, committed 1152K, reserved 1048576K
}
Event: 0.886 GC heap after
{Heap after GC invocations=1 (full 0):
 garbage-first heap   total 131072K, used 9152K [0x0000000080000000, 0x0000000100000000)
  region size 1024K, 3 young (3072K), 3 survivors (3072K)
 Metaspace       used 9801K, capacity 9958K, committed 10112K, reserved 1058816K
  class space    used 1002K, capacity 1070K, committed 1152K, reserved 1048576K
}
Event: 1.286 GC heap before
{Heap before GC invocations=1 (full 0):
 garbage-first heap   total 131072K, used 30656K [0x0000000080000000, 0x0000000100000000)
  region size 1024K, 24 young (24576K), 3 survivors (3072K)
 Metaspace       used 10712K, capacity 11007K, committed 11264K, reserved 1058816K
  class space    used 1100K, capacity 1206K, committed 1280K, reserved 1048576K
}
Event: 1.290 GC heap after
{Heap after GC invocations=2 (full 0):
 garbage-first heap   total 131072K, used 9660K [0x0000000080000000, 0x0000000100000000)
  region size 1024K, 1 young (1024K), 1 survivors (1024K)
 Metaspace       used 10712K, capacity 11007K, committed 11264K, reserved 1058816K
  class space    used 1100K, capacity 1206K, committed 1280K, reserved 1048576K
}
Event: 3.066 GC heap before
{Heap before GC invocations=2 (full 0):
 garbage-first heap   total 131072K, used 63932K [0x0000000080000000, 0x0000000100000000)
  region size 1024K, 54 young (55296K), 1 survivors (1024K)
 Metaspace       used 17958K, capacity 18414K, committed 18688K, reserved 1064960K
  class space    used 2108K, capacity 2249K, committed 2304K, reserved 1048576K
}
Event: 3.071 GC heap after
{Heap after GC invocations=3 (full 0):
 garbage-first heap   total 131072K, used 16133K [0x0000000080000000, 0x0000000100000000)
  region size 1024K, 7 young (7168K), 7 survivors (7168K)
 Metaspace       used 17958K, capacity 18414K, committed 18688K, reserved 1064960K
  class space    used 2108K, capacity 2249K, committed 2304K, reserved 1048576K
}
Event: 3.325 GC heap before
{Heap before GC invocations=3 (full 0):
 garbage-first heap   total 131072K, used 36613K [0x0000000080000000, 0x0000000100000000)
  region size 1024K, 28 young (28672K), 7 survivors (7168K)
 Metaspace       used 20656K, capacity 21203K, committed 21296K, reserved 1069056K
  class space    used 2491K, capacity 2674K, committed 2688K, reserved 1048576K
}
Event: 3.333 GC heap after
{Heap after GC invocations=4 (full 0):
 garbage-first heap   total 131072K, used 16987K [0x0000000080000000, 0x0000000100000000)
  region size 1024K, 1 young (1024K), 1 survivors (1024K)
 Metaspace       used 20656K, capacity 21203K, committed 21296K, reserved 1069056K
  class space    used 2491K, capacity 2674K, committed 2688K, reserved 1048576K
}
Event: 4.045 GC heap before
{Heap before GC invocations=5 (full 0):
 garbage-first heap   total 131072K, used 72283K [0x0000000080000000, 0x0000000100000000)
  region size 1024K, 53 young (54272K), 1 survivors (1024K)
 Metaspace       used 25923K, capacity 26583K, committed 26876K, reserved 1073152K
  class space    used 3350K, capacity 3578K, committed 3660K, reserved 1048576K
}
Event: 4.051 GC heap after
{Heap after GC invocations=6 (full 0):
 garbage-first heap   total 131072K, used 21336K [0x0000000080000000, 0x0000000100000000)
  region size 1024K, 4 young (4096K), 4 survivors (4096K)
 Metaspace       used 25923K, capacity 26583K, committed 26876K, reserved 1073152K
  class space    used 3350K, capacity 3578K, committed 3660K, reserved 1048576K
}
Event: 4.821 GC heap before
{Heap before GC invocations=6 (full 0):
 garbage-first heap   total 131072K, used 91992K [0x0000000080000000, 0x0000000100000000)
  region size 1024K, 58 young (59392K), 4 survivors (4096K)
 Metaspace       used 30673K, capacity 31580K, committed 31740K, reserved 1077248K
  class space    used 4102K, capacity 4388K, committed 4428K, reserved 1048576K
}
Event: 4.826 GC heap after
{Heap after GC invocations=7 (full 0):
 garbage-first heap   total 131072K, used 43243K [0x0000000080000000, 0x0000000100000000)
  region size 1024K, 8 young (8192K), 8 survivors (8192K)
 Metaspace       used 30673K, capacity 31580K, committed 31740K, reserved 1077248K
  class space    used 4102K, capacity 4388K, committed 4428K, reserved 1048576K
}
Event: 5.191 GC heap before
{Heap before GC invocations=7 (full 0):
 garbage-first heap   total 131072K, used 56555K [0x0000000080000000, 0x0000000100000000)
  region size 1024K, 22 young (22528K), 8 survivors (8192K)
 Metaspace       used 34993K, capacity 35984K, committed 36048K, reserved 1081344K
  class space    used 4533K, capacity 4897K, committed 4940K, reserved 1048576K
}
Event: 5.203 GC heap after
{Heap after GC invocations=8 (full 0):
 garbage-first heap   total 131072K, used 45651K [0x0000000080000000, 0x0000000100000000)
  region size 1024K, 3 young (3072K), 3 survivors (3072K)
 Metaspace       used 34993K, capacity 35984K, committed 36048K, reserved 1081344K
  class space    used 4533K, capacity 4897K, committed 4940K, reserved 1048576K
}
Event: 5.736 GC heap before
{Heap before GC invocations=9 (full 0):
 garbage-first heap   total 131072K, used 81491K [0x0000000080000000, 0x0000000100000000)
  region size 1024K, 39 young (39936K), 3 survivors (3072K)
 Metaspace       used 37593K, capacity 38630K, committed 38864K, reserved 1083392K
  class space    used 4816K, capacity 5178K, committed 5196K, reserved 1048576K
}
Event: 5.743 GC heap after
{Heap after GC invocations=10 (full 0):
 garbage-first heap   total 131072K, used 49011K [0x0000000080000000, 0x0000000100000000)
  region size 1024K, 5 young (5120K), 5 survivors (5120K)
 Metaspace       used 37593K, capacity 38630K, committed 38864K, reserved 1083392K
  class space    used 4816K, capacity 5178K, committed 5196K, reserved 1048576K
}
Event: 6.341 GC heap before
{Heap before GC invocations=10 (full 0):
 garbage-first heap   total 131072K, used 88947K [0x0000000080000000, 0x0000000100000000)
  region size 1024K, 42 young (43008K), 5 survivors (5120K)
 Metaspace       used 41646K, capacity 42739K, committed 42960K, reserved 1087488K
  class space    used 5276K, capacity 5677K, committed 5708K, reserved 1048576K
}

