# JRE version: OpenJDK Runtime Environment (11.0.13) (build 11.0.13+0-b1751.21-8125866)
# Java VM: OpenJDK 64-Bit Server VM (11.0.13+0-b1751.21-8125866, mixed mode, tiered, compressed oops, g1 gc, windows-amd64)
Heap:
 garbage-first heap   total 189440K, used 125878K [0x0000000080000000, 0x0000000100000000)
  region size 1024K, 31 young (31744K), 2 survivors (2048K)
 Metaspace       used 66909K, capacity 68864K, committed 69584K, reserved 1110016K
  class space    used 8103K, capacity 8767K, committed 9036K, reserved 1048576K
GC Heap History (20 events):
Event: 2071.714 GC heap before
{Heap before GC invocations=59 (full 0):
 garbage-first heap   total 157696K, used 136947K [0x0000000080000000, 0x0000000100000000)
  region size 1024K, 40 young (40960K), 1 survivors (1024K)
 Metaspace       used 66855K, capacity 68797K, committed 69584K, reserved 1110016K
  class space    used 8102K, capacity 8767K, committed 9036K, reserved 1048576K
}
Event: 2071.717 GC heap after
{Heap after GC invocations=60 (full 0):
 garbage-first heap   total 157696K, used 97458K [0x0000000080000000, 0x0000000100000000)
  region size 1024K, 1 young (1024K), 1 survivors (1024K)
 Metaspace       used 66855K, capacity 68797K, committed 69584K, reserved 1110016K
  class space    used 8102K, capacity 8767K, committed 9036K, reserved 1048576K
}
Event: 2071.923 GC heap before
{Heap before GC invocations=61 (full 0):
 garbage-first heap   total 157696K, used 136370K [0x0000000080000000, 0x0000000100000000)
  region size 1024K, 40 young (40960K), 1 survivors (1024K)
 Metaspace       used 66882K, capacity 68861K, committed 69584K, reserved 1110016K
  class space    used 8103K, capacity 8767K, committed 9036K, reserved 1048576K
}
Event: 2071.926 GC heap after
{Heap after GC invocations=62 (full 0):
 garbage-first heap   total 157696K, used 98247K [0x0000000080000000, 0x0000000100000000)
  region size 1024K, 2 young (2048K), 2 survivors (2048K)
 Metaspace       used 66882K, capacity 68861K, committed 69584K, reserved 1110016K
  class space    used 8103K, capacity 8767K, committed 9036K, reserved 1048576K
}
Event: 2071.940 GC heap before
{Heap before GC invocations=62 (full 0):
 garbage-first heap   total 157696K, used 103367K [0x0000000080000000, 0x0000000100000000)
  region size 1024K, 7 young (7168K), 2 survivors (2048K)
 Metaspace       used 66882K, capacity 68861K, committed 69584K, reserved 1110016K
  class space    used 8103K, capacity 8767K, committed 9036K, reserved 1048576K
}
Event: 2071.944 GC heap after
{Heap after GC invocations=63 (full 0):
 garbage-first heap   total 157696K, used 97755K [0x0000000080000000, 0x0000000100000000)
  region size 1024K, 1 young (1024K), 1 survivors (1024K)
 Metaspace       used 66882K, capacity 68861K, committed 69584K, reserved 1110016K
  class space    used 8103K, capacity 8767K, committed 9036K, reserved 1048576K
}
Event: 2072.075 GC heap before
{Heap before GC invocations=63 (full 0):
 garbage-first heap   total 157696K, used 135643K [0x0000000080000000, 0x0000000100000000)
  region size 1024K, 39 young (39936K), 1 survivors (1024K)
 Metaspace       used 66895K, capacity 68862K, committed 69584K, reserved 1110016K
  class space    used 8103K, capacity 8767K, committed 9036K, reserved 1048576K
}
Event: 2072.078 GC heap after
{Heap after GC invocations=64 (full 0):
 garbage-first heap   total 157696K, used 98179K [0x0000000080000000, 0x0000000100000000)
  region size 1024K, 1 young (1024K), 1 survivors (1024K)
 Metaspace       used 66895K, capacity 68862K, committed 69584K, reserved 1110016K
  class space    used 8103K, capacity 8767K, committed 9036K, reserved 1048576K
}
Event: 2072.268 GC heap before
{Heap before GC invocations=65 (full 0):
 garbage-first heap   total 157696K, used 136067K [0x0000000080000000, 0x0000000100000000)
  region size 1024K, 39 young (39936K), 1 survivors (1024K)
 Metaspace       used 66895K, capacity 68862K, committed 69584K, reserved 1110016K
  class space    used 8103K, capacity 8767K, committed 9036K, reserved 1048576K
}
Event: 2072.271 GC heap after
{Heap after GC invocations=66 (full 0):
 garbage-first heap   total 157696K, used 98147K [0x0000000080000000, 0x0000000100000000)
  region size 1024K, 1 young (1024K), 1 survivors (1024K)
 Metaspace       used 66895K, capacity 68862K, committed 69584K, reserved 1110016K
  class space    used 8103K, capacity 8767K, committed 9036K, reserved 1048576K
}
Event: 2072.290 GC heap before
{Heap before GC invocations=66 (full 0):
 garbage-first heap   total 157696K, used 103267K [0x0000000080000000, 0x0000000100000000)
  region size 1024K, 7 young (7168K), 1 survivors (1024K)
 Metaspace       used 66896K, capacity 68862K, committed 69584K, reserved 1110016K
  class space    used 8103K, capacity 8767K, committed 9036K, reserved 1048576K
}
Event: 2072.293 GC heap after
{Heap after GC invocations=67 (full 0):
 garbage-first heap   total 157696K, used 97552K [0x0000000080000000, 0x0000000100000000)
  region size 1024K, 1 young (1024K), 1 survivors (1024K)
 Metaspace       used 66896K, capacity 68862K, committed 69584K, reserved 1110016K
  class space    used 8103K, capacity 8767K, committed 9036K, reserved 1048576K
}
Event: 2072.422 GC heap before
{Heap before GC invocations=67 (full 0):
 garbage-first heap   total 157696K, used 135440K [0x0000000080000000, 0x0000000100000000)
  region size 1024K, 39 young (39936K), 1 survivors (1024K)
 Metaspace       used 66903K, capacity 68864K, committed 69584K, reserved 1110016K
  class space    used 8103K, capacity 8767K, committed 9036K, reserved 1048576K
}
Event: 2072.425 GC heap after
{Heap after GC invocations=68 (full 0):
 garbage-first heap   total 157696K, used 98003K [0x0000000080000000, 0x0000000100000000)
  region size 1024K, 1 young (1024K), 1 survivors (1024K)
 Metaspace       used 66903K, capacity 68864K, committed 69584K, reserved 1110016K
  class space    used 8103K, capacity 8767K, committed 9036K, reserved 1048576K
}
Event: 2072.621 GC heap before
{Heap before GC invocations=69 (full 0):
 garbage-first heap   total 157696K, used 135891K [0x0000000080000000, 0x0000000100000000)
  region size 1024K, 39 young (39936K), 1 survivors (1024K)
 Metaspace       used 66906K, capacity 68864K, committed 69584K, reserved 1110016K
  class space    used 8103K, capacity 8767K, committed 9036K, reserved 1048576K
}
Event: 2072.623 GC heap after
{Heap after GC invocations=70 (full 0):
 garbage-first heap   total 157696K, used 97993K [0x0000000080000000, 0x0000000100000000)
  region size 1024K, 1 young (1024K), 1 survivors (1024K)
 Metaspace       used 66906K, capacity 68864K, committed 69584K, reserved 1110016K
  class space    used 8103K, capacity 8767K, committed 9036K, reserved 1048576K
}
Event: 2072.644 GC heap before
{Heap before GC invocations=70 (full 0):
 garbage-first heap   total 157696K, used 103113K [0x0000000080000000, 0x0000000100000000)
  region size 1024K, 7 young (7168K), 1 survivors (1024K)
 Metaspace       used 66906K, capacity 68864K, committed 69584K, reserved 1110016K
  class space    used 8103K, capacity 8767K, committed 9036K, reserved 1048576K
}
Event: 2072.647 GC heap after
{Heap after GC invocations=71 (full 0):
 garbage-first heap   total 157696K, used 97693K [0x0000000080000000, 0x0000000100000000)
  region size 1024K, 1 young (1024K), 1 survivors (1024K)
 Metaspace       used 66906K, capacity 68864K, committed 69584K, reserved 1110016K
  class space    used 8103K, capacity 8767K, committed 9036K, reserved 1048576K
}
Event: 2072.777 GC heap before
{Heap before GC invocations=71 (full 0):
 garbage-first heap   total 157696K, used 135581K [0x0000000080000000, 0x0000000100000000)
  region size 1024K, 39 young (39936K), 1 survivors (1024K)
 Metaspace       used 66909K, capacity 68864K, committed 69584K, reserved 1110016K
  class space    used 8103K, capacity 8767K, committed 9036K, reserved 1048576K
}
Event: 2072.781 GC heap after
{Heap after GC invocations=72 (full 0):
 garbage-first heap   total 189440K, used 98230K [0x0000000080000000, 0x0000000100000000)
  region size 1024K, 2 young (2048K), 2 survivors (2048K)
 Metaspace       used 66909K, capacity 68864K, committed 69584K, reserved 1110016K
  class space    used 8103K, capacity 8767K, committed 9036K, reserved 1048576K
}

