# JRE version: OpenJDK Runtime Environment (11.0.13) (build 11.0.13+0-b1751.21-8125866)
# Java VM: OpenJDK 64-Bit Server VM (11.0.13+0-b1751.21-8125866, mixed mode, tiered, compressed oops, g1 gc, windows-amd64)
Heap:
 garbage-first heap   total 157696K, used 112695K [0x0000000080000000, 0x0000000100000000)
  region size 1024K, 31 young (31744K), 2 survivors (2048K)
 Metaspace       used 49576K, capacity 51158K, committed 51536K, reserved 1093632K
  class space    used 6226K, capacity 6762K, committed 6860K, reserved 1048576K
GC Heap History (20 events):
Event: 10.340 GC heap before
{Heap before GC invocations=17 (full 0):
 garbage-first heap   total 131072K, used 103244K [0x0000000080000000, 0x0000000100000000)
  region size 1024K, 30 young (30720K), 3 survivors (3072K)
 Metaspace       used 49244K, capacity 50877K, committed 51024K, reserved 1093632K
  class space    used 6239K, capacity 6797K, committed 6860K, reserved 1048576K
}
Event: 10.344 GC heap after
{Heap after GC invocations=18 (full 0):
 garbage-first heap   total 131072K, used 79009K [0x0000000080000000, 0x0000000100000000)
  region size 1024K, 4 young (4096K), 4 survivors (4096K)
 Metaspace       used 49244K, capacity 50877K, committed 51024K, reserved 1093632K
  class space    used 6239K, capacity 6797K, committed 6860K, reserved 1048576K
}
Event: 10.514 GC heap before
{Heap before GC invocations=19 (full 0):
 garbage-first heap   total 131072K, used 110753K [0x0000000080000000, 0x0000000100000000)
  region size 1024K, 30 young (30720K), 4 survivors (4096K)
 Metaspace       used 49438K, capacity 51010K, committed 51280K, reserved 1093632K
  class space    used 6245K, capacity 6798K, committed 6860K, reserved 1048576K
}
Event: 10.519 GC heap after
{Heap after GC invocations=20 (full 0):
 garbage-first heap   total 131072K, used 83884K [0x0000000080000000, 0x0000000100000000)
  region size 1024K, 4 young (4096K), 4 survivors (4096K)
 Metaspace       used 49438K, capacity 51010K, committed 51280K, reserved 1093632K
  class space    used 6245K, capacity 6798K, committed 6860K, reserved 1048576K
}
Event: 10.647 GC heap before
{Heap before GC invocations=20 (full 0):
 garbage-first heap   total 131072K, used 107436K [0x0000000080000000, 0x0000000100000000)
  region size 1024K, 28 young (28672K), 4 survivors (4096K)
 Metaspace       used 49531K, capacity 51138K, committed 51280K, reserved 1093632K
  class space    used 6245K, capacity 6798K, committed 6860K, reserved 1048576K
}
Event: 10.651 GC heap after
{Heap after GC invocations=21 (full 0):
 garbage-first heap   total 131072K, used 84504K [0x0000000080000000, 0x0000000100000000)
  region size 1024K, 3 young (3072K), 3 survivors (3072K)
 Metaspace       used 49531K, capacity 51138K, committed 51280K, reserved 1093632K
  class space    used 6245K, capacity 6798K, committed 6860K, reserved 1048576K
}
Event: 10.761 GC heap before
{Heap before GC invocations=22 (full 0):
 garbage-first heap   total 131072K, used 108056K [0x0000000080000000, 0x0000000100000000)
  region size 1024K, 27 young (27648K), 3 survivors (3072K)
 Metaspace       used 49534K, capacity 51138K, committed 51280K, reserved 1093632K
  class space    used 6245K, capacity 6798K, committed 6860K, reserved 1048576K
}
Event: 10.763 GC heap after
{Heap after GC invocations=23 (full 0):
 garbage-first heap   total 131072K, used 83955K [0x0000000080000000, 0x0000000100000000)
  region size 1024K, 2 young (2048K), 2 survivors (2048K)
 Metaspace       used 49534K, capacity 51138K, committed 51280K, reserved 1093632K
  class space    used 6245K, capacity 6798K, committed 6860K, reserved 1048576K
}
Event: 10.869 GC heap before
{Heap before GC invocations=23 (full 0):
 garbage-first heap   total 131072K, used 108531K [0x0000000080000000, 0x0000000100000000)
  region size 1024K, 27 young (27648K), 2 survivors (2048K)
 Metaspace       used 49590K, capacity 51202K, committed 51280K, reserved 1093632K
  class space    used 6245K, capacity 6798K, committed 6860K, reserved 1048576K
}
Event: 10.873 GC heap after
{Heap after GC invocations=24 (full 0):
 garbage-first heap   total 157696K, used 84685K [0x0000000080000000, 0x0000000100000000)
  region size 1024K, 3 young (3072K), 3 survivors (3072K)
 Metaspace       used 49590K, capacity 51202K, committed 51280K, reserved 1093632K
  class space    used 6245K, capacity 6798K, committed 6860K, reserved 1048576K
}
Event: 11.050 GC heap before
{Heap before GC invocations=25 (full 0):
 garbage-first heap   total 157696K, used 119501K [0x0000000080000000, 0x0000000100000000)
  region size 1024K, 38 young (38912K), 3 survivors (3072K)
 Metaspace       used 49555K, capacity 51158K, committed 51536K, reserved 1093632K
  class space    used 6226K, capacity 6762K, committed 6860K, reserved 1048576K
}
Event: 11.052 GC heap after
{Heap after GC invocations=26 (full 0):
 garbage-first heap   total 157696K, used 84420K [0x0000000080000000, 0x0000000100000000)
  region size 1024K, 2 young (2048K), 2 survivors (2048K)
 Metaspace       used 49555K, capacity 51158K, committed 51536K, reserved 1093632K
  class space    used 6226K, capacity 6762K, committed 6860K, reserved 1048576K
}
Event: 11.165 GC heap before
{Heap before GC invocations=26 (full 0):
 garbage-first heap   total 157696K, used 121284K [0x0000000080000000, 0x0000000100000000)
  region size 1024K, 39 young (39936K), 2 survivors (2048K)
 Metaspace       used 49569K, capacity 51158K, committed 51536K, reserved 1093632K
  class space    used 6226K, capacity 6762K, committed 6860K, reserved 1048576K
}
Event: 11.168 GC heap after
{Heap after GC invocations=27 (full 0):
 garbage-first heap   total 157696K, used 84745K [0x0000000080000000, 0x0000000100000000)
  region size 1024K, 2 young (2048K), 2 survivors (2048K)
 Metaspace       used 49569K, capacity 51158K, committed 51536K, reserved 1093632K
  class space    used 6226K, capacity 6762K, committed 6860K, reserved 1048576K
}
Event: 11.328 GC heap before
{Heap before GC invocations=28 (full 0):
 garbage-first heap   total 157696K, used 123657K [0x0000000080000000, 0x0000000100000000)
  region size 1024K, 42 young (43008K), 2 survivors (2048K)
 Metaspace       used 49572K, capacity 51158K, committed 51536K, reserved 1093632K
  class space    used 6226K, capacity 6762K, committed 6860K, reserved 1048576K
}
Event: 11.330 GC heap after
{Heap after GC invocations=29 (full 0):
 garbage-first heap   total 157696K, used 84520K [0x0000000080000000, 0x0000000100000000)
  region size 1024K, 2 young (2048K), 2 survivors (2048K)
 Metaspace       used 49572K, capacity 51158K, committed 51536K, reserved 1093632K
  class space    used 6226K, capacity 6762K, committed 6860K, reserved 1048576K
}
Event: 11.450 GC heap before
{Heap before GC invocations=29 (full 0):
 garbage-first heap   total 157696K, used 124456K [0x0000000080000000, 0x0000000100000000)
  region size 1024K, 43 young (44032K), 2 survivors (2048K)
 Metaspace       used 49574K, capacity 51158K, committed 51536K, reserved 1093632K
  class space    used 6226K, capacity 6762K, committed 6860K, reserved 1048576K
}
Event: 11.452 GC heap after
{Heap after GC invocations=30 (full 0):
 garbage-first heap   total 157696K, used 84707K [0x0000000080000000, 0x0000000100000000)
  region size 1024K, 2 young (2048K), 2 survivors (2048K)
 Metaspace       used 49574K, capacity 51158K, committed 51536K, reserved 1093632K
  class space    used 6226K, capacity 6762K, committed 6860K, reserved 1048576K
}
Event: 11.599 GC heap before
{Heap before GC invocations=31 (full 0):
 garbage-first heap   total 157696K, used 126691K [0x0000000080000000, 0x0000000100000000)
  region size 1024K, 44 young (45056K), 2 survivors (2048K)
 Metaspace       used 49574K, capacity 51158K, committed 51536K, reserved 1093632K
  class space    used 6226K, capacity 6762K, committed 6860K, reserved 1048576K
}
Event: 11.601 GC heap after
{Heap after GC invocations=32 (full 0):
 garbage-first heap   total 157696K, used 85047K [0x0000000080000000, 0x0000000100000000)
  region size 1024K, 2 young (2048K), 2 survivors (2048K)
 Metaspace       used 49574K, capacity 51158K, committed 51536K, reserved 1093632K
  class space    used 6226K, capacity 6762K, committed 6860K, reserved 1048576K
}

